<?xml version="1.0" encoding="UTF-8"?>
<testng-results skipped="0" failed="0" ignored="0" total="1" passed="1">
  <reporter-output>
  </reporter-output>
  <suite name="Default suite" duration-ms="33318" started-at="2020-10-12T07:55:18Z" finished-at="2020-10-12T07:55:51Z">
    <groups>
    </groups>
    <test name="Default test" duration-ms="33318" started-at="2020-10-12T07:55:18Z" finished-at="2020-10-12T07:55:51Z">
      <class name="pac.Sample1">
        <test-method status="PASS" signature="amazonHome()[pri:0, instance:pac.Sample1@14acaea5]" name="amazonHome" duration-ms="33181" started-at="2020-10-12T13:25:18Z" finished-at="2020-10-12T13:25:51Z">
          <reporter-output>
          </reporter-output>
        </test-method> <!-- amazonHome -->
      </class> <!-- pac.Sample1 -->
    </test> <!-- Default test -->
  </suite> <!-- Default suite -->
</testng-results>
